C:\USERS\WILLIAM\DOCUMENTS\VISUAL STUDIO 2010\PROJECTS\ATM\DEBUG\ATM.EXE
C:\USERS\WILLIAM\DOCUMENTS\VISUAL STUDIO 2010\PROJECTS\ATM\DEBUG\ATM.EXE.EMBED.MANIFEST
C:\USERS\WILLIAM\DOCUMENTS\VISUAL STUDIO 2010\PROJECTS\ATM\DEBUG\ATM.EXE.EMBED.MANIFEST.RES
C:\USERS\WILLIAM\DOCUMENTS\VISUAL STUDIO 2010\PROJECTS\ATM\DEBUG\ATM.EXE.INTERMEDIATE.MANIFEST
C:\USERS\WILLIAM\DOCUMENTS\VISUAL STUDIO 2010\PROJECTS\ATM\DEBUG\ATM.ILK
C:\USERS\WILLIAM\DOCUMENTS\VISUAL STUDIO 2010\PROJECTS\ATM\DEBUG\ATM.OBJ
C:\USERS\WILLIAM\DOCUMENTS\VISUAL STUDIO 2010\PROJECTS\ATM\DEBUG\ATM.PCH
C:\USERS\WILLIAM\DOCUMENTS\VISUAL STUDIO 2010\PROJECTS\ATM\DEBUG\ATM.PDB
C:\USERS\WILLIAM\DOCUMENTS\VISUAL STUDIO 2010\PROJECTS\ATM\DEBUG\ATM.RES
C:\Users\William\Documents\Visual Studio 2010\Projects\ATM\Debug\ATM_manifest.rc
C:\USERS\WILLIAM\DOCUMENTS\VISUAL STUDIO 2010\PROJECTS\ATM\DEBUG\ATMACCOUNT.OBJ
C:\USERS\WILLIAM\DOCUMENTS\VISUAL STUDIO 2010\PROJECTS\ATM\DEBUG\ATMACCTACTY.OBJ
C:\USERS\WILLIAM\DOCUMENTS\VISUAL STUDIO 2010\PROJECTS\ATM\DEBUG\ATMAMOUNT.OBJ
C:\USERS\WILLIAM\DOCUMENTS\VISUAL STUDIO 2010\PROJECTS\ATM\DEBUG\ATMCHECKINGACCOUNT.OBJ
C:\USERS\WILLIAM\DOCUMENTS\VISUAL STUDIO 2010\PROJECTS\ATM\DEBUG\ATMDLG.OBJ
C:\USERS\WILLIAM\DOCUMENTS\VISUAL STUDIO 2010\PROJECTS\ATM\DEBUG\ATMMAINMENU.OBJ
C:\USERS\WILLIAM\DOCUMENTS\VISUAL STUDIO 2010\PROJECTS\ATM\DEBUG\ATMSAVINGSACCOUNT.OBJ
C:\USERS\WILLIAM\DOCUMENTS\VISUAL STUDIO 2010\PROJECTS\ATM\DEBUG\ATMSAVINGSDLG.OBJ
C:\Users\William\Documents\Visual Studio 2010\Projects\ATM\Debug\cl.command.1.tlog
C:\Users\William\Documents\Visual Studio 2010\Projects\ATM\Debug\CL.read.1.tlog
C:\Users\William\Documents\Visual Studio 2010\Projects\ATM\Debug\CL.write.1.tlog
C:\Users\William\Documents\Visual Studio 2010\Projects\ATM\Debug\link.10024.read.1.tlog
C:\Users\William\Documents\Visual Studio 2010\Projects\ATM\Debug\link.10024.write.1.tlog
C:\Users\William\Documents\Visual Studio 2010\Projects\ATM\Debug\link.10024-cvtres.read.1.tlog
C:\Users\William\Documents\Visual Studio 2010\Projects\ATM\Debug\link.10024-cvtres.write.1.tlog
C:\Users\William\Documents\Visual Studio 2010\Projects\ATM\Debug\link.10984.read.1.tlog
C:\Users\William\Documents\Visual Studio 2010\Projects\ATM\Debug\link.10984.write.1.tlog
C:\Users\William\Documents\Visual Studio 2010\Projects\ATM\Debug\link.10984-cvtres.read.1.tlog
C:\Users\William\Documents\Visual Studio 2010\Projects\ATM\Debug\link.10984-cvtres.write.1.tlog
C:\Users\William\Documents\Visual Studio 2010\Projects\ATM\Debug\link.11048.read.1.tlog
C:\Users\William\Documents\Visual Studio 2010\Projects\ATM\Debug\link.11048.write.1.tlog
C:\Users\William\Documents\Visual Studio 2010\Projects\ATM\Debug\link.11048-cvtres.read.1.tlog
C:\Users\William\Documents\Visual Studio 2010\Projects\ATM\Debug\link.11048-cvtres.write.1.tlog
C:\Users\William\Documents\Visual Studio 2010\Projects\ATM\Debug\link.11368.read.1.tlog
C:\Users\William\Documents\Visual Studio 2010\Projects\ATM\Debug\link.11368.write.1.tlog
C:\Users\William\Documents\Visual Studio 2010\Projects\ATM\Debug\link.11368-cvtres.read.1.tlog
C:\Users\William\Documents\Visual Studio 2010\Projects\ATM\Debug\link.11368-cvtres.write.1.tlog
C:\Users\William\Documents\Visual Studio 2010\Projects\ATM\Debug\link.11964.read.1.tlog
C:\Users\William\Documents\Visual Studio 2010\Projects\ATM\Debug\link.11964.write.1.tlog
C:\Users\William\Documents\Visual Studio 2010\Projects\ATM\Debug\link.11964-cvtres.read.1.tlog
C:\Users\William\Documents\Visual Studio 2010\Projects\ATM\Debug\link.11964-cvtres.write.1.tlog
C:\Users\William\Documents\Visual Studio 2010\Projects\ATM\Debug\link.12124.read.1.tlog
C:\Users\William\Documents\Visual Studio 2010\Projects\ATM\Debug\link.12124.write.1.tlog
C:\Users\William\Documents\Visual Studio 2010\Projects\ATM\Debug\link.12124-cvtres.read.1.tlog
C:\Users\William\Documents\Visual Studio 2010\Projects\ATM\Debug\link.12124-cvtres.write.1.tlog
C:\Users\William\Documents\Visual Studio 2010\Projects\ATM\Debug\link.13088.read.1.tlog
C:\Users\William\Documents\Visual Studio 2010\Projects\ATM\Debug\link.13088.write.1.tlog
C:\Users\William\Documents\Visual Studio 2010\Projects\ATM\Debug\link.13088-cvtres.read.1.tlog
C:\Users\William\Documents\Visual Studio 2010\Projects\ATM\Debug\link.13088-cvtres.write.1.tlog
C:\Users\William\Documents\Visual Studio 2010\Projects\ATM\Debug\link.14428.read.1.tlog
C:\Users\William\Documents\Visual Studio 2010\Projects\ATM\Debug\link.14428.write.1.tlog
C:\Users\William\Documents\Visual Studio 2010\Projects\ATM\Debug\link.14428-cvtres.read.1.tlog
C:\Users\William\Documents\Visual Studio 2010\Projects\ATM\Debug\link.14428-cvtres.write.1.tlog
C:\Users\William\Documents\Visual Studio 2010\Projects\ATM\Debug\link.14552.read.1.tlog
C:\Users\William\Documents\Visual Studio 2010\Projects\ATM\Debug\link.14552.write.1.tlog
C:\Users\William\Documents\Visual Studio 2010\Projects\ATM\Debug\link.14552-cvtres.read.1.tlog
C:\Users\William\Documents\Visual Studio 2010\Projects\ATM\Debug\link.14552-cvtres.write.1.tlog
C:\Users\William\Documents\Visual Studio 2010\Projects\ATM\Debug\link.14580.read.1.tlog
C:\Users\William\Documents\Visual Studio 2010\Projects\ATM\Debug\link.14580.write.1.tlog
C:\Users\William\Documents\Visual Studio 2010\Projects\ATM\Debug\link.14580-cvtres.read.1.tlog
C:\Users\William\Documents\Visual Studio 2010\Projects\ATM\Debug\link.14580-cvtres.write.1.tlog
C:\Users\William\Documents\Visual Studio 2010\Projects\ATM\Debug\link.15016.read.1.tlog
C:\Users\William\Documents\Visual Studio 2010\Projects\ATM\Debug\link.15016.write.1.tlog
C:\Users\William\Documents\Visual Studio 2010\Projects\ATM\Debug\link.15016-cvtres.read.1.tlog
C:\Users\William\Documents\Visual Studio 2010\Projects\ATM\Debug\link.15016-cvtres.write.1.tlog
C:\Users\William\Documents\Visual Studio 2010\Projects\ATM\Debug\link.15196.read.1.tlog
C:\Users\William\Documents\Visual Studio 2010\Projects\ATM\Debug\link.15196.write.1.tlog
C:\Users\William\Documents\Visual Studio 2010\Projects\ATM\Debug\link.15196-cvtres.read.1.tlog
C:\Users\William\Documents\Visual Studio 2010\Projects\ATM\Debug\link.15196-cvtres.write.1.tlog
C:\Users\William\Documents\Visual Studio 2010\Projects\ATM\Debug\link.15364.read.1.tlog
C:\Users\William\Documents\Visual Studio 2010\Projects\ATM\Debug\link.15364.write.1.tlog
C:\Users\William\Documents\Visual Studio 2010\Projects\ATM\Debug\link.15364-cvtres.read.1.tlog
C:\Users\William\Documents\Visual Studio 2010\Projects\ATM\Debug\link.15364-cvtres.write.1.tlog
C:\Users\William\Documents\Visual Studio 2010\Projects\ATM\Debug\link.15440.read.1.tlog
C:\Users\William\Documents\Visual Studio 2010\Projects\ATM\Debug\link.15440.write.1.tlog
C:\Users\William\Documents\Visual Studio 2010\Projects\ATM\Debug\link.15440-cvtres.read.1.tlog
C:\Users\William\Documents\Visual Studio 2010\Projects\ATM\Debug\link.15440-cvtres.write.1.tlog
C:\Users\William\Documents\Visual Studio 2010\Projects\ATM\Debug\link.15480.read.1.tlog
C:\Users\William\Documents\Visual Studio 2010\Projects\ATM\Debug\link.15480.write.1.tlog
C:\Users\William\Documents\Visual Studio 2010\Projects\ATM\Debug\link.15480-cvtres.read.1.tlog
C:\Users\William\Documents\Visual Studio 2010\Projects\ATM\Debug\link.15480-cvtres.write.1.tlog
C:\Users\William\Documents\Visual Studio 2010\Projects\ATM\Debug\link.15492.read.1.tlog
C:\Users\William\Documents\Visual Studio 2010\Projects\ATM\Debug\link.15492.write.1.tlog
C:\Users\William\Documents\Visual Studio 2010\Projects\ATM\Debug\link.15492-cvtres.read.1.tlog
C:\Users\William\Documents\Visual Studio 2010\Projects\ATM\Debug\link.15492-cvtres.write.1.tlog
C:\Users\William\Documents\Visual Studio 2010\Projects\ATM\Debug\link.15504.read.1.tlog
C:\Users\William\Documents\Visual Studio 2010\Projects\ATM\Debug\link.15504.write.1.tlog
C:\Users\William\Documents\Visual Studio 2010\Projects\ATM\Debug\link.15504-cvtres.read.1.tlog
C:\Users\William\Documents\Visual Studio 2010\Projects\ATM\Debug\link.15504-cvtres.write.1.tlog
C:\Users\William\Documents\Visual Studio 2010\Projects\ATM\Debug\link.15568.read.1.tlog
C:\Users\William\Documents\Visual Studio 2010\Projects\ATM\Debug\link.15568.write.1.tlog
C:\Users\William\Documents\Visual Studio 2010\Projects\ATM\Debug\link.15568-cvtres.read.1.tlog
C:\Users\William\Documents\Visual Studio 2010\Projects\ATM\Debug\link.15568-cvtres.write.1.tlog
C:\Users\William\Documents\Visual Studio 2010\Projects\ATM\Debug\link.15624.read.1.tlog
C:\Users\William\Documents\Visual Studio 2010\Projects\ATM\Debug\link.15624.write.1.tlog
C:\Users\William\Documents\Visual Studio 2010\Projects\ATM\Debug\link.15624-cvtres.read.1.tlog
C:\Users\William\Documents\Visual Studio 2010\Projects\ATM\Debug\link.15624-cvtres.write.1.tlog
C:\Users\William\Documents\Visual Studio 2010\Projects\ATM\Debug\link.15664.read.1.tlog
C:\Users\William\Documents\Visual Studio 2010\Projects\ATM\Debug\link.15664.write.1.tlog
C:\Users\William\Documents\Visual Studio 2010\Projects\ATM\Debug\link.15664-cvtres.read.1.tlog
C:\Users\William\Documents\Visual Studio 2010\Projects\ATM\Debug\link.15664-cvtres.write.1.tlog
C:\Users\William\Documents\Visual Studio 2010\Projects\ATM\Debug\link.15704.read.1.tlog
C:\Users\William\Documents\Visual Studio 2010\Projects\ATM\Debug\link.15704.write.1.tlog
C:\Users\William\Documents\Visual Studio 2010\Projects\ATM\Debug\link.15704-cvtres.read.1.tlog
C:\Users\William\Documents\Visual Studio 2010\Projects\ATM\Debug\link.15704-cvtres.write.1.tlog
C:\Users\William\Documents\Visual Studio 2010\Projects\ATM\Debug\link.15740.read.1.tlog
C:\Users\William\Documents\Visual Studio 2010\Projects\ATM\Debug\link.15740.write.1.tlog
C:\Users\William\Documents\Visual Studio 2010\Projects\ATM\Debug\link.15740-cvtres.read.1.tlog
C:\Users\William\Documents\Visual Studio 2010\Projects\ATM\Debug\link.15740-cvtres.write.1.tlog
C:\Users\William\Documents\Visual Studio 2010\Projects\ATM\Debug\link.15792.read.1.tlog
C:\Users\William\Documents\Visual Studio 2010\Projects\ATM\Debug\link.15792.write.1.tlog
C:\Users\William\Documents\Visual Studio 2010\Projects\ATM\Debug\link.15792-cvtres.read.1.tlog
C:\Users\William\Documents\Visual Studio 2010\Projects\ATM\Debug\link.15792-cvtres.write.1.tlog
C:\Users\William\Documents\Visual Studio 2010\Projects\ATM\Debug\link.15804.read.1.tlog
C:\Users\William\Documents\Visual Studio 2010\Projects\ATM\Debug\link.15804.write.1.tlog
C:\Users\William\Documents\Visual Studio 2010\Projects\ATM\Debug\link.15804-cvtres.read.1.tlog
C:\Users\William\Documents\Visual Studio 2010\Projects\ATM\Debug\link.15804-cvtres.write.1.tlog
C:\Users\William\Documents\Visual Studio 2010\Projects\ATM\Debug\link.15820.read.1.tlog
C:\Users\William\Documents\Visual Studio 2010\Projects\ATM\Debug\link.15820.write.1.tlog
C:\Users\William\Documents\Visual Studio 2010\Projects\ATM\Debug\link.15820-cvtres.read.1.tlog
C:\Users\William\Documents\Visual Studio 2010\Projects\ATM\Debug\link.15820-cvtres.write.1.tlog
C:\Users\William\Documents\Visual Studio 2010\Projects\ATM\Debug\link.15912.read.1.tlog
C:\Users\William\Documents\Visual Studio 2010\Projects\ATM\Debug\link.15912.write.1.tlog
C:\Users\William\Documents\Visual Studio 2010\Projects\ATM\Debug\link.15912-cvtres.read.1.tlog
C:\Users\William\Documents\Visual Studio 2010\Projects\ATM\Debug\link.15912-cvtres.write.1.tlog
C:\Users\William\Documents\Visual Studio 2010\Projects\ATM\Debug\link.15920.read.1.tlog
C:\Users\William\Documents\Visual Studio 2010\Projects\ATM\Debug\link.15920.write.1.tlog
C:\Users\William\Documents\Visual Studio 2010\Projects\ATM\Debug\link.15920-cvtres.read.1.tlog
C:\Users\William\Documents\Visual Studio 2010\Projects\ATM\Debug\link.15920-cvtres.write.1.tlog
C:\Users\William\Documents\Visual Studio 2010\Projects\ATM\Debug\link.16020.read.1.tlog
C:\Users\William\Documents\Visual Studio 2010\Projects\ATM\Debug\link.16020.write.1.tlog
C:\Users\William\Documents\Visual Studio 2010\Projects\ATM\Debug\link.16020-cvtres.read.1.tlog
C:\Users\William\Documents\Visual Studio 2010\Projects\ATM\Debug\link.16020-cvtres.write.1.tlog
C:\Users\William\Documents\Visual Studio 2010\Projects\ATM\Debug\link.16048.read.1.tlog
C:\Users\William\Documents\Visual Studio 2010\Projects\ATM\Debug\link.16048.write.1.tlog
C:\Users\William\Documents\Visual Studio 2010\Projects\ATM\Debug\link.16048-cvtres.read.1.tlog
C:\Users\William\Documents\Visual Studio 2010\Projects\ATM\Debug\link.16048-cvtres.write.1.tlog
C:\Users\William\Documents\Visual Studio 2010\Projects\ATM\Debug\link.16136.read.1.tlog
C:\Users\William\Documents\Visual Studio 2010\Projects\ATM\Debug\link.16136.write.1.tlog
C:\Users\William\Documents\Visual Studio 2010\Projects\ATM\Debug\link.16136-cvtres.read.1.tlog
C:\Users\William\Documents\Visual Studio 2010\Projects\ATM\Debug\link.16136-cvtres.write.1.tlog
C:\Users\William\Documents\Visual Studio 2010\Projects\ATM\Debug\link.16192.read.1.tlog
C:\Users\William\Documents\Visual Studio 2010\Projects\ATM\Debug\link.16192.write.1.tlog
C:\Users\William\Documents\Visual Studio 2010\Projects\ATM\Debug\link.16192-cvtres.read.1.tlog
C:\Users\William\Documents\Visual Studio 2010\Projects\ATM\Debug\link.16192-cvtres.write.1.tlog
C:\Users\William\Documents\Visual Studio 2010\Projects\ATM\Debug\link.16200.read.1.tlog
C:\Users\William\Documents\Visual Studio 2010\Projects\ATM\Debug\link.16200.write.1.tlog
C:\Users\William\Documents\Visual Studio 2010\Projects\ATM\Debug\link.16200-cvtres.read.1.tlog
C:\Users\William\Documents\Visual Studio 2010\Projects\ATM\Debug\link.16200-cvtres.write.1.tlog
C:\Users\William\Documents\Visual Studio 2010\Projects\ATM\Debug\link.16244.read.1.tlog
C:\Users\William\Documents\Visual Studio 2010\Projects\ATM\Debug\link.16244.write.1.tlog
C:\Users\William\Documents\Visual Studio 2010\Projects\ATM\Debug\link.16244-cvtres.read.1.tlog
C:\Users\William\Documents\Visual Studio 2010\Projects\ATM\Debug\link.16244-cvtres.write.1.tlog
C:\Users\William\Documents\Visual Studio 2010\Projects\ATM\Debug\link.16264.read.1.tlog
C:\Users\William\Documents\Visual Studio 2010\Projects\ATM\Debug\link.16264.write.1.tlog
C:\Users\William\Documents\Visual Studio 2010\Projects\ATM\Debug\link.16264-cvtres.read.1.tlog
C:\Users\William\Documents\Visual Studio 2010\Projects\ATM\Debug\link.16264-cvtres.write.1.tlog
C:\Users\William\Documents\Visual Studio 2010\Projects\ATM\Debug\link.16292.read.1.tlog
C:\Users\William\Documents\Visual Studio 2010\Projects\ATM\Debug\link.16292.write.1.tlog
C:\Users\William\Documents\Visual Studio 2010\Projects\ATM\Debug\link.16292-cvtres.read.1.tlog
C:\Users\William\Documents\Visual Studio 2010\Projects\ATM\Debug\link.16292-cvtres.write.1.tlog
C:\Users\William\Documents\Visual Studio 2010\Projects\ATM\Debug\link.16360.read.1.tlog
C:\Users\William\Documents\Visual Studio 2010\Projects\ATM\Debug\link.16360.write.1.tlog
C:\Users\William\Documents\Visual Studio 2010\Projects\ATM\Debug\link.16360-cvtres.read.1.tlog
C:\Users\William\Documents\Visual Studio 2010\Projects\ATM\Debug\link.16360-cvtres.write.1.tlog
C:\Users\William\Documents\Visual Studio 2010\Projects\ATM\Debug\link.16436.read.1.tlog
C:\Users\William\Documents\Visual Studio 2010\Projects\ATM\Debug\link.16436.write.1.tlog
C:\Users\William\Documents\Visual Studio 2010\Projects\ATM\Debug\link.16436-cvtres.read.1.tlog
C:\Users\William\Documents\Visual Studio 2010\Projects\ATM\Debug\link.16436-cvtres.write.1.tlog
C:\Users\William\Documents\Visual Studio 2010\Projects\ATM\Debug\link.16576.read.1.tlog
C:\Users\William\Documents\Visual Studio 2010\Projects\ATM\Debug\link.16576.write.1.tlog
C:\Users\William\Documents\Visual Studio 2010\Projects\ATM\Debug\link.16576-cvtres.read.1.tlog
C:\Users\William\Documents\Visual Studio 2010\Projects\ATM\Debug\link.16576-cvtres.write.1.tlog
C:\Users\William\Documents\Visual Studio 2010\Projects\ATM\Debug\link.16592.read.1.tlog
C:\Users\William\Documents\Visual Studio 2010\Projects\ATM\Debug\link.16592.write.1.tlog
C:\Users\William\Documents\Visual Studio 2010\Projects\ATM\Debug\link.16592-cvtres.read.1.tlog
C:\Users\William\Documents\Visual Studio 2010\Projects\ATM\Debug\link.16592-cvtres.write.1.tlog
C:\Users\William\Documents\Visual Studio 2010\Projects\ATM\Debug\link.16704.read.1.tlog
C:\Users\William\Documents\Visual Studio 2010\Projects\ATM\Debug\link.16704.write.1.tlog
C:\Users\William\Documents\Visual Studio 2010\Projects\ATM\Debug\link.16704-cvtres.read.1.tlog
C:\Users\William\Documents\Visual Studio 2010\Projects\ATM\Debug\link.16704-cvtres.write.1.tlog
C:\Users\William\Documents\Visual Studio 2010\Projects\ATM\Debug\link.16840.read.1.tlog
C:\Users\William\Documents\Visual Studio 2010\Projects\ATM\Debug\link.16840.write.1.tlog
C:\Users\William\Documents\Visual Studio 2010\Projects\ATM\Debug\link.16840-cvtres.read.1.tlog
C:\Users\William\Documents\Visual Studio 2010\Projects\ATM\Debug\link.16840-cvtres.write.1.tlog
C:\Users\William\Documents\Visual Studio 2010\Projects\ATM\Debug\link.17016.read.1.tlog
C:\Users\William\Documents\Visual Studio 2010\Projects\ATM\Debug\link.17016.write.1.tlog
C:\Users\William\Documents\Visual Studio 2010\Projects\ATM\Debug\link.17016-cvtres.read.1.tlog
C:\Users\William\Documents\Visual Studio 2010\Projects\ATM\Debug\link.17016-cvtres.write.1.tlog
C:\Users\William\Documents\Visual Studio 2010\Projects\ATM\Debug\link.17080.read.1.tlog
C:\Users\William\Documents\Visual Studio 2010\Projects\ATM\Debug\link.17080.write.1.tlog
C:\Users\William\Documents\Visual Studio 2010\Projects\ATM\Debug\link.17080-cvtres.read.1.tlog
C:\Users\William\Documents\Visual Studio 2010\Projects\ATM\Debug\link.17080-cvtres.write.1.tlog
C:\Users\William\Documents\Visual Studio 2010\Projects\ATM\Debug\link.17212.read.1.tlog
C:\Users\William\Documents\Visual Studio 2010\Projects\ATM\Debug\link.17212.write.1.tlog
C:\Users\William\Documents\Visual Studio 2010\Projects\ATM\Debug\link.17212-cvtres.read.1.tlog
C:\Users\William\Documents\Visual Studio 2010\Projects\ATM\Debug\link.17212-cvtres.write.1.tlog
C:\Users\William\Documents\Visual Studio 2010\Projects\ATM\Debug\link.17244.read.1.tlog
C:\Users\William\Documents\Visual Studio 2010\Projects\ATM\Debug\link.17244.write.1.tlog
C:\Users\William\Documents\Visual Studio 2010\Projects\ATM\Debug\link.17244-cvtres.read.1.tlog
C:\Users\William\Documents\Visual Studio 2010\Projects\ATM\Debug\link.17244-cvtres.write.1.tlog
C:\Users\William\Documents\Visual Studio 2010\Projects\ATM\Debug\link.17528.read.1.tlog
C:\Users\William\Documents\Visual Studio 2010\Projects\ATM\Debug\link.17528.write.1.tlog
C:\Users\William\Documents\Visual Studio 2010\Projects\ATM\Debug\link.17528-cvtres.read.1.tlog
C:\Users\William\Documents\Visual Studio 2010\Projects\ATM\Debug\link.17528-cvtres.write.1.tlog
C:\Users\William\Documents\Visual Studio 2010\Projects\ATM\Debug\link.17572.read.1.tlog
C:\Users\William\Documents\Visual Studio 2010\Projects\ATM\Debug\link.17572.write.1.tlog
C:\Users\William\Documents\Visual Studio 2010\Projects\ATM\Debug\link.17572-cvtres.read.1.tlog
C:\Users\William\Documents\Visual Studio 2010\Projects\ATM\Debug\link.17572-cvtres.write.1.tlog
C:\Users\William\Documents\Visual Studio 2010\Projects\ATM\Debug\link.17660.read.1.tlog
C:\Users\William\Documents\Visual Studio 2010\Projects\ATM\Debug\link.17660.write.1.tlog
C:\Users\William\Documents\Visual Studio 2010\Projects\ATM\Debug\link.17660-cvtres.read.1.tlog
C:\Users\William\Documents\Visual Studio 2010\Projects\ATM\Debug\link.17660-cvtres.write.1.tlog
C:\Users\William\Documents\Visual Studio 2010\Projects\ATM\Debug\link.17700.read.1.tlog
C:\Users\William\Documents\Visual Studio 2010\Projects\ATM\Debug\link.17700.write.1.tlog
C:\Users\William\Documents\Visual Studio 2010\Projects\ATM\Debug\link.17700-cvtres.read.1.tlog
C:\Users\William\Documents\Visual Studio 2010\Projects\ATM\Debug\link.17700-cvtres.write.1.tlog
C:\Users\William\Documents\Visual Studio 2010\Projects\ATM\Debug\link.17812.read.1.tlog
C:\Users\William\Documents\Visual Studio 2010\Projects\ATM\Debug\link.17812.write.1.tlog
C:\Users\William\Documents\Visual Studio 2010\Projects\ATM\Debug\link.17812-cvtres.read.1.tlog
C:\Users\William\Documents\Visual Studio 2010\Projects\ATM\Debug\link.17812-cvtres.write.1.tlog
C:\Users\William\Documents\Visual Studio 2010\Projects\ATM\Debug\link.17888.read.1.tlog
C:\Users\William\Documents\Visual Studio 2010\Projects\ATM\Debug\link.17888.write.1.tlog
C:\Users\William\Documents\Visual Studio 2010\Projects\ATM\Debug\link.17888-cvtres.read.1.tlog
C:\Users\William\Documents\Visual Studio 2010\Projects\ATM\Debug\link.17888-cvtres.write.1.tlog
C:\Users\William\Documents\Visual Studio 2010\Projects\ATM\Debug\link.18992.read.1.tlog
C:\Users\William\Documents\Visual Studio 2010\Projects\ATM\Debug\link.18992.write.1.tlog
C:\Users\William\Documents\Visual Studio 2010\Projects\ATM\Debug\link.18992-cvtres.read.1.tlog
C:\Users\William\Documents\Visual Studio 2010\Projects\ATM\Debug\link.18992-cvtres.write.1.tlog
C:\Users\William\Documents\Visual Studio 2010\Projects\ATM\Debug\link.19240.read.1.tlog
C:\Users\William\Documents\Visual Studio 2010\Projects\ATM\Debug\link.19240.write.1.tlog
C:\Users\William\Documents\Visual Studio 2010\Projects\ATM\Debug\link.19240-cvtres.read.1.tlog
C:\Users\William\Documents\Visual Studio 2010\Projects\ATM\Debug\link.19240-cvtres.write.1.tlog
C:\Users\William\Documents\Visual Studio 2010\Projects\ATM\Debug\link.19288.read.1.tlog
C:\Users\William\Documents\Visual Studio 2010\Projects\ATM\Debug\link.19288.write.1.tlog
C:\Users\William\Documents\Visual Studio 2010\Projects\ATM\Debug\link.19288-cvtres.read.1.tlog
C:\Users\William\Documents\Visual Studio 2010\Projects\ATM\Debug\link.19288-cvtres.write.1.tlog
C:\Users\William\Documents\Visual Studio 2010\Projects\ATM\Debug\link.19340.read.1.tlog
C:\Users\William\Documents\Visual Studio 2010\Projects\ATM\Debug\link.19340.write.1.tlog
C:\Users\William\Documents\Visual Studio 2010\Projects\ATM\Debug\link.19340-cvtres.read.1.tlog
C:\Users\William\Documents\Visual Studio 2010\Projects\ATM\Debug\link.19340-cvtres.write.1.tlog
C:\Users\William\Documents\Visual Studio 2010\Projects\ATM\Debug\link.19536.read.1.tlog
C:\Users\William\Documents\Visual Studio 2010\Projects\ATM\Debug\link.19536.write.1.tlog
C:\Users\William\Documents\Visual Studio 2010\Projects\ATM\Debug\link.19536-cvtres.read.1.tlog
C:\Users\William\Documents\Visual Studio 2010\Projects\ATM\Debug\link.19536-cvtres.write.1.tlog
C:\Users\William\Documents\Visual Studio 2010\Projects\ATM\Debug\link.20440.read.1.tlog
C:\Users\William\Documents\Visual Studio 2010\Projects\ATM\Debug\link.20440.write.1.tlog
C:\Users\William\Documents\Visual Studio 2010\Projects\ATM\Debug\link.20440-cvtres.read.1.tlog
C:\Users\William\Documents\Visual Studio 2010\Projects\ATM\Debug\link.20440-cvtres.write.1.tlog
C:\Users\William\Documents\Visual Studio 2010\Projects\ATM\Debug\link.21044.read.1.tlog
C:\Users\William\Documents\Visual Studio 2010\Projects\ATM\Debug\link.21044.write.1.tlog
C:\Users\William\Documents\Visual Studio 2010\Projects\ATM\Debug\link.21044-cvtres.read.1.tlog
C:\Users\William\Documents\Visual Studio 2010\Projects\ATM\Debug\link.21044-cvtres.write.1.tlog
C:\Users\William\Documents\Visual Studio 2010\Projects\ATM\Debug\link.2116.read.1.tlog
C:\Users\William\Documents\Visual Studio 2010\Projects\ATM\Debug\link.2116.write.1.tlog
C:\Users\William\Documents\Visual Studio 2010\Projects\ATM\Debug\link.2116-cvtres.read.1.tlog
C:\Users\William\Documents\Visual Studio 2010\Projects\ATM\Debug\link.2116-cvtres.write.1.tlog
C:\Users\William\Documents\Visual Studio 2010\Projects\ATM\Debug\link.21924.read.1.tlog
C:\Users\William\Documents\Visual Studio 2010\Projects\ATM\Debug\link.21924.write.1.tlog
C:\Users\William\Documents\Visual Studio 2010\Projects\ATM\Debug\link.21924-cvtres.read.1.tlog
C:\Users\William\Documents\Visual Studio 2010\Projects\ATM\Debug\link.21924-cvtres.write.1.tlog
C:\Users\William\Documents\Visual Studio 2010\Projects\ATM\Debug\link.22680.read.1.tlog
C:\Users\William\Documents\Visual Studio 2010\Projects\ATM\Debug\link.22680.write.1.tlog
C:\Users\William\Documents\Visual Studio 2010\Projects\ATM\Debug\link.22680-cvtres.read.1.tlog
C:\Users\William\Documents\Visual Studio 2010\Projects\ATM\Debug\link.22680-cvtres.write.1.tlog
C:\Users\William\Documents\Visual Studio 2010\Projects\ATM\Debug\link.22696.read.1.tlog
C:\Users\William\Documents\Visual Studio 2010\Projects\ATM\Debug\link.22696.write.1.tlog
C:\Users\William\Documents\Visual Studio 2010\Projects\ATM\Debug\link.22696-cvtres.read.1.tlog
C:\Users\William\Documents\Visual Studio 2010\Projects\ATM\Debug\link.22696-cvtres.write.1.tlog
C:\Users\William\Documents\Visual Studio 2010\Projects\ATM\Debug\link.23232.read.1.tlog
C:\Users\William\Documents\Visual Studio 2010\Projects\ATM\Debug\link.23232.write.1.tlog
C:\Users\William\Documents\Visual Studio 2010\Projects\ATM\Debug\link.23232-cvtres.read.1.tlog
C:\Users\William\Documents\Visual Studio 2010\Projects\ATM\Debug\link.23232-cvtres.write.1.tlog
C:\Users\William\Documents\Visual Studio 2010\Projects\ATM\Debug\link.23528.read.1.tlog
C:\Users\William\Documents\Visual Studio 2010\Projects\ATM\Debug\link.23528.write.1.tlog
C:\Users\William\Documents\Visual Studio 2010\Projects\ATM\Debug\link.23528-cvtres.read.1.tlog
C:\Users\William\Documents\Visual Studio 2010\Projects\ATM\Debug\link.23528-cvtres.write.1.tlog
C:\Users\William\Documents\Visual Studio 2010\Projects\ATM\Debug\link.23644.read.1.tlog
C:\Users\William\Documents\Visual Studio 2010\Projects\ATM\Debug\link.23644.write.1.tlog
C:\Users\William\Documents\Visual Studio 2010\Projects\ATM\Debug\link.23644-cvtres.read.1.tlog
C:\Users\William\Documents\Visual Studio 2010\Projects\ATM\Debug\link.23644-cvtres.write.1.tlog
C:\Users\William\Documents\Visual Studio 2010\Projects\ATM\Debug\link.23920.read.1.tlog
C:\Users\William\Documents\Visual Studio 2010\Projects\ATM\Debug\link.23920.write.1.tlog
C:\Users\William\Documents\Visual Studio 2010\Projects\ATM\Debug\link.23920-cvtres.read.1.tlog
C:\Users\William\Documents\Visual Studio 2010\Projects\ATM\Debug\link.23920-cvtres.write.1.tlog
C:\Users\William\Documents\Visual Studio 2010\Projects\ATM\Debug\link.24044.read.1.tlog
C:\Users\William\Documents\Visual Studio 2010\Projects\ATM\Debug\link.24044.write.1.tlog
C:\Users\William\Documents\Visual Studio 2010\Projects\ATM\Debug\link.24044-cvtres.read.1.tlog
C:\Users\William\Documents\Visual Studio 2010\Projects\ATM\Debug\link.24044-cvtres.write.1.tlog
C:\Users\William\Documents\Visual Studio 2010\Projects\ATM\Debug\link.24144.read.1.tlog
C:\Users\William\Documents\Visual Studio 2010\Projects\ATM\Debug\link.24144.write.1.tlog
C:\Users\William\Documents\Visual Studio 2010\Projects\ATM\Debug\link.24144-cvtres.read.1.tlog
C:\Users\William\Documents\Visual Studio 2010\Projects\ATM\Debug\link.24144-cvtres.write.1.tlog
C:\Users\William\Documents\Visual Studio 2010\Projects\ATM\Debug\link.24268.read.1.tlog
C:\Users\William\Documents\Visual Studio 2010\Projects\ATM\Debug\link.24268.write.1.tlog
C:\Users\William\Documents\Visual Studio 2010\Projects\ATM\Debug\link.24268-cvtres.read.1.tlog
C:\Users\William\Documents\Visual Studio 2010\Projects\ATM\Debug\link.24268-cvtres.write.1.tlog
C:\Users\William\Documents\Visual Studio 2010\Projects\ATM\Debug\link.24276.read.1.tlog
C:\Users\William\Documents\Visual Studio 2010\Projects\ATM\Debug\link.24276.write.1.tlog
C:\Users\William\Documents\Visual Studio 2010\Projects\ATM\Debug\link.24276-cvtres.read.1.tlog
C:\Users\William\Documents\Visual Studio 2010\Projects\ATM\Debug\link.24276-cvtres.write.1.tlog
C:\Users\William\Documents\Visual Studio 2010\Projects\ATM\Debug\link.24324.read.1.tlog
C:\Users\William\Documents\Visual Studio 2010\Projects\ATM\Debug\link.24324.write.1.tlog
C:\Users\William\Documents\Visual Studio 2010\Projects\ATM\Debug\link.24324-cvtres.read.1.tlog
C:\Users\William\Documents\Visual Studio 2010\Projects\ATM\Debug\link.24324-cvtres.write.1.tlog
C:\Users\William\Documents\Visual Studio 2010\Projects\ATM\Debug\link.24348.read.1.tlog
C:\Users\William\Documents\Visual Studio 2010\Projects\ATM\Debug\link.24348.write.1.tlog
C:\Users\William\Documents\Visual Studio 2010\Projects\ATM\Debug\link.24348-cvtres.read.1.tlog
C:\Users\William\Documents\Visual Studio 2010\Projects\ATM\Debug\link.24348-cvtres.write.1.tlog
C:\Users\William\Documents\Visual Studio 2010\Projects\ATM\Debug\link.24400.read.1.tlog
C:\Users\William\Documents\Visual Studio 2010\Projects\ATM\Debug\link.24400.write.1.tlog
C:\Users\William\Documents\Visual Studio 2010\Projects\ATM\Debug\link.24400-cvtres.read.1.tlog
C:\Users\William\Documents\Visual Studio 2010\Projects\ATM\Debug\link.24400-cvtres.write.1.tlog
C:\Users\William\Documents\Visual Studio 2010\Projects\ATM\Debug\link.24460.read.1.tlog
C:\Users\William\Documents\Visual Studio 2010\Projects\ATM\Debug\link.24460.write.1.tlog
C:\Users\William\Documents\Visual Studio 2010\Projects\ATM\Debug\link.24460-cvtres.read.1.tlog
C:\Users\William\Documents\Visual Studio 2010\Projects\ATM\Debug\link.24460-cvtres.write.1.tlog
C:\Users\William\Documents\Visual Studio 2010\Projects\ATM\Debug\link.24476.read.1.tlog
C:\Users\William\Documents\Visual Studio 2010\Projects\ATM\Debug\link.24476.write.1.tlog
C:\Users\William\Documents\Visual Studio 2010\Projects\ATM\Debug\link.24476-cvtres.read.1.tlog
C:\Users\William\Documents\Visual Studio 2010\Projects\ATM\Debug\link.24476-cvtres.write.1.tlog
C:\Users\William\Documents\Visual Studio 2010\Projects\ATM\Debug\link.24652.read.1.tlog
C:\Users\William\Documents\Visual Studio 2010\Projects\ATM\Debug\link.24652.write.1.tlog
C:\Users\William\Documents\Visual Studio 2010\Projects\ATM\Debug\link.24652-cvtres.read.1.tlog
C:\Users\William\Documents\Visual Studio 2010\Projects\ATM\Debug\link.24652-cvtres.write.1.tlog
C:\Users\William\Documents\Visual Studio 2010\Projects\ATM\Debug\link.24744.read.1.tlog
C:\Users\William\Documents\Visual Studio 2010\Projects\ATM\Debug\link.24744.write.1.tlog
C:\Users\William\Documents\Visual Studio 2010\Projects\ATM\Debug\link.24744-cvtres.read.1.tlog
C:\Users\William\Documents\Visual Studio 2010\Projects\ATM\Debug\link.24744-cvtres.write.1.tlog
C:\Users\William\Documents\Visual Studio 2010\Projects\ATM\Debug\link.24792.read.1.tlog
C:\Users\William\Documents\Visual Studio 2010\Projects\ATM\Debug\link.24792.write.1.tlog
C:\Users\William\Documents\Visual Studio 2010\Projects\ATM\Debug\link.24792-cvtres.read.1.tlog
C:\Users\William\Documents\Visual Studio 2010\Projects\ATM\Debug\link.24792-cvtres.write.1.tlog
C:\Users\William\Documents\Visual Studio 2010\Projects\ATM\Debug\link.24836.read.1.tlog
C:\Users\William\Documents\Visual Studio 2010\Projects\ATM\Debug\link.24836.write.1.tlog
C:\Users\William\Documents\Visual Studio 2010\Projects\ATM\Debug\link.24836-cvtres.read.1.tlog
C:\Users\William\Documents\Visual Studio 2010\Projects\ATM\Debug\link.24836-cvtres.write.1.tlog
C:\Users\William\Documents\Visual Studio 2010\Projects\ATM\Debug\link.24884.read.1.tlog
C:\Users\William\Documents\Visual Studio 2010\Projects\ATM\Debug\link.24884.write.1.tlog
C:\Users\William\Documents\Visual Studio 2010\Projects\ATM\Debug\link.24884-cvtres.read.1.tlog
C:\Users\William\Documents\Visual Studio 2010\Projects\ATM\Debug\link.24884-cvtres.write.1.tlog
C:\Users\William\Documents\Visual Studio 2010\Projects\ATM\Debug\link.24888.read.1.tlog
C:\Users\William\Documents\Visual Studio 2010\Projects\ATM\Debug\link.24888.write.1.tlog
C:\Users\William\Documents\Visual Studio 2010\Projects\ATM\Debug\link.24888-cvtres.read.1.tlog
C:\Users\William\Documents\Visual Studio 2010\Projects\ATM\Debug\link.24888-cvtres.write.1.tlog
C:\Users\William\Documents\Visual Studio 2010\Projects\ATM\Debug\link.25028.read.1.tlog
C:\Users\William\Documents\Visual Studio 2010\Projects\ATM\Debug\link.25028.write.1.tlog
C:\Users\William\Documents\Visual Studio 2010\Projects\ATM\Debug\link.25028-cvtres.read.1.tlog
C:\Users\William\Documents\Visual Studio 2010\Projects\ATM\Debug\link.25028-cvtres.write.1.tlog
C:\Users\William\Documents\Visual Studio 2010\Projects\ATM\Debug\link.25044.read.1.tlog
C:\Users\William\Documents\Visual Studio 2010\Projects\ATM\Debug\link.25044.write.1.tlog
C:\Users\William\Documents\Visual Studio 2010\Projects\ATM\Debug\link.25044-cvtres.read.1.tlog
C:\Users\William\Documents\Visual Studio 2010\Projects\ATM\Debug\link.25044-cvtres.write.1.tlog
C:\Users\William\Documents\Visual Studio 2010\Projects\ATM\Debug\link.25048.read.1.tlog
C:\Users\William\Documents\Visual Studio 2010\Projects\ATM\Debug\link.25048.write.1.tlog
C:\Users\William\Documents\Visual Studio 2010\Projects\ATM\Debug\link.25048-cvtres.read.1.tlog
C:\Users\William\Documents\Visual Studio 2010\Projects\ATM\Debug\link.25048-cvtres.write.1.tlog
C:\Users\William\Documents\Visual Studio 2010\Projects\ATM\Debug\link.25060.read.1.tlog
C:\Users\William\Documents\Visual Studio 2010\Projects\ATM\Debug\link.25060.write.1.tlog
C:\Users\William\Documents\Visual Studio 2010\Projects\ATM\Debug\link.25060-cvtres.read.1.tlog
C:\Users\William\Documents\Visual Studio 2010\Projects\ATM\Debug\link.25060-cvtres.write.1.tlog
C:\Users\William\Documents\Visual Studio 2010\Projects\ATM\Debug\link.25116.read.1.tlog
C:\Users\William\Documents\Visual Studio 2010\Projects\ATM\Debug\link.25116.write.1.tlog
C:\Users\William\Documents\Visual Studio 2010\Projects\ATM\Debug\link.25116-cvtres.read.1.tlog
C:\Users\William\Documents\Visual Studio 2010\Projects\ATM\Debug\link.25116-cvtres.write.1.tlog
C:\Users\William\Documents\Visual Studio 2010\Projects\ATM\Debug\link.25224.read.1.tlog
C:\Users\William\Documents\Visual Studio 2010\Projects\ATM\Debug\link.25224.write.1.tlog
C:\Users\William\Documents\Visual Studio 2010\Projects\ATM\Debug\link.25224-cvtres.read.1.tlog
C:\Users\William\Documents\Visual Studio 2010\Projects\ATM\Debug\link.25224-cvtres.write.1.tlog
C:\Users\William\Documents\Visual Studio 2010\Projects\ATM\Debug\link.25228.read.1.tlog
C:\Users\William\Documents\Visual Studio 2010\Projects\ATM\Debug\link.25228.write.1.tlog
C:\Users\William\Documents\Visual Studio 2010\Projects\ATM\Debug\link.25228-cvtres.read.1.tlog
C:\Users\William\Documents\Visual Studio 2010\Projects\ATM\Debug\link.25228-cvtres.write.1.tlog
C:\Users\William\Documents\Visual Studio 2010\Projects\ATM\Debug\link.25284.read.1.tlog
C:\Users\William\Documents\Visual Studio 2010\Projects\ATM\Debug\link.25284.write.1.tlog
C:\Users\William\Documents\Visual Studio 2010\Projects\ATM\Debug\link.25284-cvtres.read.1.tlog
C:\Users\William\Documents\Visual Studio 2010\Projects\ATM\Debug\link.25284-cvtres.write.1.tlog
C:\Users\William\Documents\Visual Studio 2010\Projects\ATM\Debug\link.25312.read.1.tlog
C:\Users\William\Documents\Visual Studio 2010\Projects\ATM\Debug\link.25312.write.1.tlog
C:\Users\William\Documents\Visual Studio 2010\Projects\ATM\Debug\link.25312-cvtres.read.1.tlog
C:\Users\William\Documents\Visual Studio 2010\Projects\ATM\Debug\link.25312-cvtres.write.1.tlog
C:\Users\William\Documents\Visual Studio 2010\Projects\ATM\Debug\link.25440.read.1.tlog
C:\Users\William\Documents\Visual Studio 2010\Projects\ATM\Debug\link.25440.write.1.tlog
C:\Users\William\Documents\Visual Studio 2010\Projects\ATM\Debug\link.25440-cvtres.read.1.tlog
C:\Users\William\Documents\Visual Studio 2010\Projects\ATM\Debug\link.25440-cvtres.write.1.tlog
C:\Users\William\Documents\Visual Studio 2010\Projects\ATM\Debug\link.25540.read.1.tlog
C:\Users\William\Documents\Visual Studio 2010\Projects\ATM\Debug\link.25540.write.1.tlog
C:\Users\William\Documents\Visual Studio 2010\Projects\ATM\Debug\link.25540-cvtres.read.1.tlog
C:\Users\William\Documents\Visual Studio 2010\Projects\ATM\Debug\link.25540-cvtres.write.1.tlog
C:\Users\William\Documents\Visual Studio 2010\Projects\ATM\Debug\link.25580.read.1.tlog
C:\Users\William\Documents\Visual Studio 2010\Projects\ATM\Debug\link.25580.write.1.tlog
C:\Users\William\Documents\Visual Studio 2010\Projects\ATM\Debug\link.25580-cvtres.read.1.tlog
C:\Users\William\Documents\Visual Studio 2010\Projects\ATM\Debug\link.25580-cvtres.write.1.tlog
C:\Users\William\Documents\Visual Studio 2010\Projects\ATM\Debug\link.25800.read.1.tlog
C:\Users\William\Documents\Visual Studio 2010\Projects\ATM\Debug\link.25800.write.1.tlog
C:\Users\William\Documents\Visual Studio 2010\Projects\ATM\Debug\link.25800-cvtres.read.1.tlog
C:\Users\William\Documents\Visual Studio 2010\Projects\ATM\Debug\link.25800-cvtres.write.1.tlog
C:\Users\William\Documents\Visual Studio 2010\Projects\ATM\Debug\link.26144.read.1.tlog
C:\Users\William\Documents\Visual Studio 2010\Projects\ATM\Debug\link.26144.write.1.tlog
C:\Users\William\Documents\Visual Studio 2010\Projects\ATM\Debug\link.26144-cvtres.read.1.tlog
C:\Users\William\Documents\Visual Studio 2010\Projects\ATM\Debug\link.26144-cvtres.write.1.tlog
C:\Users\William\Documents\Visual Studio 2010\Projects\ATM\Debug\link.26608.read.1.tlog
C:\Users\William\Documents\Visual Studio 2010\Projects\ATM\Debug\link.26608.write.1.tlog
C:\Users\William\Documents\Visual Studio 2010\Projects\ATM\Debug\link.26608-cvtres.read.1.tlog
C:\Users\William\Documents\Visual Studio 2010\Projects\ATM\Debug\link.26608-cvtres.write.1.tlog
C:\Users\William\Documents\Visual Studio 2010\Projects\ATM\Debug\link.2796.read.1.tlog
C:\Users\William\Documents\Visual Studio 2010\Projects\ATM\Debug\link.2796.write.1.tlog
C:\Users\William\Documents\Visual Studio 2010\Projects\ATM\Debug\link.2796-cvtres.read.1.tlog
C:\Users\William\Documents\Visual Studio 2010\Projects\ATM\Debug\link.2796-cvtres.write.1.tlog
C:\Users\William\Documents\Visual Studio 2010\Projects\ATM\Debug\link.2908.read.1.tlog
C:\Users\William\Documents\Visual Studio 2010\Projects\ATM\Debug\link.2908.write.1.tlog
C:\Users\William\Documents\Visual Studio 2010\Projects\ATM\Debug\link.2908-cvtres.read.1.tlog
C:\Users\William\Documents\Visual Studio 2010\Projects\ATM\Debug\link.2908-cvtres.write.1.tlog
C:\Users\William\Documents\Visual Studio 2010\Projects\ATM\Debug\link.3952.read.1.tlog
C:\Users\William\Documents\Visual Studio 2010\Projects\ATM\Debug\link.3952.write.1.tlog
C:\Users\William\Documents\Visual Studio 2010\Projects\ATM\Debug\link.3952-cvtres.read.1.tlog
C:\Users\William\Documents\Visual Studio 2010\Projects\ATM\Debug\link.3952-cvtres.write.1.tlog
C:\Users\William\Documents\Visual Studio 2010\Projects\ATM\Debug\link.4432.read.1.tlog
C:\Users\William\Documents\Visual Studio 2010\Projects\ATM\Debug\link.4432.write.1.tlog
C:\Users\William\Documents\Visual Studio 2010\Projects\ATM\Debug\link.4432-cvtres.read.1.tlog
C:\Users\William\Documents\Visual Studio 2010\Projects\ATM\Debug\link.4432-cvtres.write.1.tlog
C:\Users\William\Documents\Visual Studio 2010\Projects\ATM\Debug\link.5436.read.1.tlog
C:\Users\William\Documents\Visual Studio 2010\Projects\ATM\Debug\link.5436.write.1.tlog
C:\Users\William\Documents\Visual Studio 2010\Projects\ATM\Debug\link.5436-cvtres.read.1.tlog
C:\Users\William\Documents\Visual Studio 2010\Projects\ATM\Debug\link.5436-cvtres.write.1.tlog
C:\Users\William\Documents\Visual Studio 2010\Projects\ATM\Debug\link.5836.read.1.tlog
C:\Users\William\Documents\Visual Studio 2010\Projects\ATM\Debug\link.5836.write.1.tlog
C:\Users\William\Documents\Visual Studio 2010\Projects\ATM\Debug\link.5836-cvtres.read.1.tlog
C:\Users\William\Documents\Visual Studio 2010\Projects\ATM\Debug\link.5836-cvtres.write.1.tlog
C:\Users\William\Documents\Visual Studio 2010\Projects\ATM\Debug\link.6208.read.1.tlog
C:\Users\William\Documents\Visual Studio 2010\Projects\ATM\Debug\link.6208.write.1.tlog
C:\Users\William\Documents\Visual Studio 2010\Projects\ATM\Debug\link.6208-cvtres.read.1.tlog
C:\Users\William\Documents\Visual Studio 2010\Projects\ATM\Debug\link.6208-cvtres.write.1.tlog
C:\Users\William\Documents\Visual Studio 2010\Projects\ATM\Debug\link.6500.read.1.tlog
C:\Users\William\Documents\Visual Studio 2010\Projects\ATM\Debug\link.6500.write.1.tlog
C:\Users\William\Documents\Visual Studio 2010\Projects\ATM\Debug\link.6500-cvtres.read.1.tlog
C:\Users\William\Documents\Visual Studio 2010\Projects\ATM\Debug\link.6500-cvtres.write.1.tlog
C:\Users\William\Documents\Visual Studio 2010\Projects\ATM\Debug\link.6572.read.1.tlog
C:\Users\William\Documents\Visual Studio 2010\Projects\ATM\Debug\link.6572.write.1.tlog
C:\Users\William\Documents\Visual Studio 2010\Projects\ATM\Debug\link.6572-cvtres.read.1.tlog
C:\Users\William\Documents\Visual Studio 2010\Projects\ATM\Debug\link.6572-cvtres.write.1.tlog
C:\Users\William\Documents\Visual Studio 2010\Projects\ATM\Debug\link.7128.read.1.tlog
C:\Users\William\Documents\Visual Studio 2010\Projects\ATM\Debug\link.7128.write.1.tlog
C:\Users\William\Documents\Visual Studio 2010\Projects\ATM\Debug\link.7128-cvtres.read.1.tlog
C:\Users\William\Documents\Visual Studio 2010\Projects\ATM\Debug\link.7128-cvtres.write.1.tlog
C:\Users\William\Documents\Visual Studio 2010\Projects\ATM\Debug\link.7332.read.1.tlog
C:\Users\William\Documents\Visual Studio 2010\Projects\ATM\Debug\link.7332.write.1.tlog
C:\Users\William\Documents\Visual Studio 2010\Projects\ATM\Debug\link.7332-cvtres.read.1.tlog
C:\Users\William\Documents\Visual Studio 2010\Projects\ATM\Debug\link.7332-cvtres.write.1.tlog
C:\Users\William\Documents\Visual Studio 2010\Projects\ATM\Debug\link.7472.read.1.tlog
C:\Users\William\Documents\Visual Studio 2010\Projects\ATM\Debug\link.7472.write.1.tlog
C:\Users\William\Documents\Visual Studio 2010\Projects\ATM\Debug\link.7472-cvtres.read.1.tlog
C:\Users\William\Documents\Visual Studio 2010\Projects\ATM\Debug\link.7472-cvtres.write.1.tlog
C:\Users\William\Documents\Visual Studio 2010\Projects\ATM\Debug\link.8032.read.1.tlog
C:\Users\William\Documents\Visual Studio 2010\Projects\ATM\Debug\link.8032.write.1.tlog
C:\Users\William\Documents\Visual Studio 2010\Projects\ATM\Debug\link.8032-cvtres.read.1.tlog
C:\Users\William\Documents\Visual Studio 2010\Projects\ATM\Debug\link.8032-cvtres.write.1.tlog
C:\Users\William\Documents\Visual Studio 2010\Projects\ATM\Debug\link.command.1.tlog
C:\Users\William\Documents\Visual Studio 2010\Projects\ATM\Debug\link.read.1.tlog
C:\Users\William\Documents\Visual Studio 2010\Projects\ATM\Debug\link.write.1.tlog
C:\Users\William\Documents\Visual Studio 2010\Projects\ATM\Debug\link-cvtres.read.1.tlog
C:\Users\William\Documents\Visual Studio 2010\Projects\ATM\Debug\link-cvtres.write.1.tlog
C:\Users\William\Documents\Visual Studio 2010\Projects\ATM\Debug\mt.command.1.tlog
C:\Users\William\Documents\Visual Studio 2010\Projects\ATM\Debug\mt.read.1.tlog
C:\Users\William\Documents\Visual Studio 2010\Projects\ATM\Debug\mt.write.1.tlog
C:\Users\William\Documents\Visual Studio 2010\Projects\ATM\Debug\rc.command.1.tlog
C:\Users\William\Documents\Visual Studio 2010\Projects\ATM\Debug\rc.read.1.tlog
C:\Users\William\Documents\Visual Studio 2010\Projects\ATM\Debug\rc.write.1.tlog
C:\USERS\WILLIAM\DOCUMENTS\VISUAL STUDIO 2010\PROJECTS\ATM\DEBUG\SECONDDLG.OBJ
C:\USERS\WILLIAM\DOCUMENTS\VISUAL STUDIO 2010\PROJECTS\ATM\DEBUG\STDAFX.OBJ
C:\Users\William\Documents\Visual Studio 2010\Projects\ATM\Debug\vc100.idb
C:\USERS\WILLIAM\DOCUMENTS\VISUAL STUDIO 2010\PROJECTS\ATM\DEBUG\VC100.PDB
